{
  "1": {
    "filename": "/Users/jwright/Documents/Node_Projects/backlog/test/app.js",
    "timestamp": "Mon Jun 10 2013 21:46:33",
    "message": "This is my code that has this thing in it...",
    "percent_change": null,
    "char_count": 727,
    "line_count": 24
  },
  "2": {
    "filename": "/Users/jwright/Documents/Node_Projects/backlog/test/app.js",
    "timestamp": "Mon Jun 10 2013 21:48:01",
    "message": "This is my code that has this thing in it...",
    "percent_change": null,
    "char_count": 727,
    "line_count": 24
  },
  "3": {
    "filename": "/Users/jwright/Documents/Node_Projects/backlog/test/app.js",
    "timestamp": "Mon Jun 10 2013 21:48:36",
    "message": "This is my code that has this thing in it...",
    "percent_change": null,
    "char_count": 727,
    "line_count": 24
  },
  "4": {
    "filename": "/Users/jwright/Documents/Node_Projects/backlog/test/app.js",
    "timestamp": "Mon Jun 10 2013 21:49:09",
    "message": "This is my code that has this thing in it...",
    "percent_change": null,
    "char_count": 727,
    "line_count": 24
  },
  "5": {
    "filename": "/Users/jwright/Documents/Node_Projects/backlog/test/app.js",
    "timestamp": "Mon Jun 10 2013 21:51:13",
    "message": "This is my code that has this thing in it...",
    "percent_change": null,
    "char_count": 727,
    "line_count": 24
  },
  "6": {
    "filename": "/Users/jwright/Documents/Node_Projects/backlog/test/app.js",
    "timestamp": "Mon Jun 10 2013 21:51:38",
    "message": "This is my code that has this thing in it...",
    "percent_change": null,
    "char_count": 727,
    "line_count": 24
  },
  "7": {
    "filename": "/Users/jwright/Documents/Node_Projects/backlog/test/app.js",
    "timestamp": "Mon Jun 10 2013 21:59:31",
    "message": "This is my code that has this thing in it...",
    "percent_change": null,
    "char_count": 447,
    "line_count": 16
  },
  "8": {
    "filename": "/Users/jwright/Documents/Node_Projects/backlog/test/app.js",
    "timestamp": "Mon Jun 10 2013 21:59:56",
    "message": "This is my code that has this thing in it...",
    "percent_change": null,
    "char_count": 447,
    "line_count": 16
  }
}